2015-06-20 16:46:56,487 [Worker-8] INFO  o.e.m.c.i.l.LifecycleMappingFactory - Using org.eclipse.m2e.jdt.JarLifecycleMapping lifecycle mapping for MavenProject: database.access:facade:0.0.1-SNAPSHOT @ C:\1-dev\1-proj\1-ver-con\git-hub\DatabaseAccess\facade\pom.xml.
2015-06-20 16:46:57,056 [Worker-8] INFO  o.e.m.j.i.AbstractJavaProjectConfigurator - Adding source folder /facade/src/main/java
2015-06-20 16:46:57,058 [Worker-8] INFO  o.e.m.j.i.AbstractJavaProjectConfigurator - Adding resource folder /facade/src/main/resources
2015-06-20 16:46:57,059 [Worker-8] INFO  o.e.m.j.i.AbstractJavaProjectConfigurator - Adding source folder /facade/src/test/java
2015-06-20 16:46:57,059 [Worker-8] INFO  o.e.m.j.i.AbstractJavaProjectConfigurator - Adding resource folder /facade/src/test/resources
2015-06-20 16:46:58,308 [Worker-12] INFO  o.e.m.c.i.l.LifecycleMappingFactory - Using org.eclipse.m2e.jdt.JarLifecycleMapping lifecycle mapping for MavenProject: database.access:facade:0.0.1-SNAPSHOT @ C:\1-dev\1-proj\1-ver-con\git-hub\DatabaseAccess\facade\pom.xml.
2015-06-20 16:46:58,456 [Worker-12] WARN  o.e.m.c.i.embedder.EclipseLogger - Using platform encoding (Cp1252 actually) to copy filtered resources, i.e. build is platform dependent!
2015-06-20 16:46:58,461 [Worker-12] INFO  o.e.m.c.i.embedder.EclipseLogger - Copying 0 resource
2015-06-20 16:46:58,463 [Worker-12] WARN  o.e.m.c.i.embedder.EclipseLogger - Using platform encoding (Cp1252 actually) to copy filtered resources, i.e. build is platform dependent!
2015-06-20 16:46:58,465 [Worker-12] INFO  o.e.m.c.i.embedder.EclipseLogger - Copying 0 resource
2015-06-20 16:46:59,464 [Worker-12] INFO  o.e.m.c.i.l.LifecycleMappingFactory - Using org.eclipse.m2e.jdt.JarLifecycleMapping lifecycle mapping for MavenProject: database.access:facade:0.0.1-SNAPSHOT @ C:\1-dev\1-proj\1-ver-con\git-hub\DatabaseAccess\facade\pom.xml.
2015-06-20 16:46:59,728 [Worker-12] WARN  o.e.m.c.i.embedder.EclipseLogger - Using platform encoding (Cp1252 actually) to copy filtered resources, i.e. build is platform dependent!
2015-06-20 16:46:59,730 [Worker-12] INFO  o.e.m.c.i.embedder.EclipseLogger - Copying 0 resource
2015-06-20 16:46:59,731 [Worker-12] WARN  o.e.m.c.i.embedder.EclipseLogger - Using platform encoding (Cp1252 actually) to copy filtered resources, i.e. build is platform dependent!
2015-06-20 16:46:59,732 [Worker-12] INFO  o.e.m.c.i.embedder.EclipseLogger - Copying 0 resource
2015-06-20 16:48:18,711 [Worker-8] INFO  o.e.m.c.i.l.LifecycleMappingFactory - Using org.eclipse.m2e.jdt.JarLifecycleMapping lifecycle mapping for MavenProject: database.access:facade:0.0.1-SNAPSHOT @ C:\1-dev\1-proj\1-ver-con\git-hub\DatabaseAccess\facade\pom.xml.
2015-06-20 16:48:18,767 [Worker-8] WARN  o.e.m.c.i.embedder.EclipseLogger - Using platform encoding (Cp1252 actually) to copy filtered resources, i.e. build is platform dependent!
2015-06-20 16:48:18,768 [Worker-8] INFO  o.e.m.c.i.embedder.EclipseLogger - Copying 0 resource
2015-06-20 16:48:18,770 [Worker-8] WARN  o.e.m.c.i.embedder.EclipseLogger - Using platform encoding (Cp1252 actually) to copy filtered resources, i.e. build is platform dependent!
2015-06-20 16:48:18,771 [Worker-8] INFO  o.e.m.c.i.embedder.EclipseLogger - Copying 0 resource
2015-06-20 16:48:19,893 [Worker-10] WARN  o.e.m.c.i.embedder.EclipseLogger - Using platform encoding (Cp1252 actually) to copy filtered resources, i.e. build is platform dependent!
2015-06-20 16:48:19,897 [Worker-10] INFO  o.e.m.c.i.embedder.EclipseLogger - Copying 0 resource
2015-06-20 16:48:19,898 [Worker-10] WARN  o.e.m.c.i.embedder.EclipseLogger - Using platform encoding (Cp1252 actually) to copy filtered resources, i.e. build is platform dependent!
2015-06-20 16:48:19,899 [Worker-10] INFO  o.e.m.c.i.embedder.EclipseLogger - Copying 0 resource
2015-06-20 16:50:29,588 [Worker-12] INFO  o.e.m.c.i.l.LifecycleMappingFactory - Using org.eclipse.m2e.jdt.JarLifecycleMapping lifecycle mapping for MavenProject: database.access:database.access.facade:0.0.1-SNAPSHOT @ C:\1-dev\1-proj\1-ver-con\git-hub\DatabaseAccess\database.access.facade\pom.xml.
2015-06-20 16:50:29,643 [Worker-12] INFO  o.e.m.j.i.AbstractJavaProjectConfigurator - Adding source folder /database.access.facade/src/main/java
2015-06-20 16:50:29,643 [Worker-12] INFO  o.e.m.j.i.AbstractJavaProjectConfigurator - Adding resource folder /database.access.facade/src/main/resources
2015-06-20 16:50:29,643 [Worker-12] INFO  o.e.m.j.i.AbstractJavaProjectConfigurator - Adding source folder /database.access.facade/src/test/java
2015-06-20 16:50:29,644 [Worker-12] INFO  o.e.m.j.i.AbstractJavaProjectConfigurator - Adding resource folder /database.access.facade/src/test/resources
2015-06-20 16:50:30,040 [Worker-13] INFO  o.e.m.c.i.l.LifecycleMappingFactory - Using org.eclipse.m2e.jdt.JarLifecycleMapping lifecycle mapping for MavenProject: database.access:database.access.facade:0.0.1-SNAPSHOT @ C:\1-dev\1-proj\1-ver-con\git-hub\DatabaseAccess\database.access.facade\pom.xml.
2015-06-20 16:50:30,146 [Worker-13] WARN  o.e.m.c.i.embedder.EclipseLogger - Using platform encoding (Cp1252 actually) to copy filtered resources, i.e. build is platform dependent!
2015-06-20 16:50:30,147 [Worker-13] INFO  o.e.m.c.i.embedder.EclipseLogger - Copying 0 resource
2015-06-20 16:50:30,148 [Worker-13] WARN  o.e.m.c.i.embedder.EclipseLogger - Using platform encoding (Cp1252 actually) to copy filtered resources, i.e. build is platform dependent!
2015-06-20 16:50:30,149 [Worker-13] INFO  o.e.m.c.i.embedder.EclipseLogger - Copying 0 resource
2015-06-20 16:50:30,784 [Worker-16] INFO  o.e.m.c.i.l.LifecycleMappingFactory - Using org.eclipse.m2e.jdt.JarLifecycleMapping lifecycle mapping for MavenProject: database.access:database.access.facade:0.0.1-SNAPSHOT @ C:\1-dev\1-proj\1-ver-con\git-hub\DatabaseAccess\database.access.facade\pom.xml.
2015-06-20 16:50:31,501 [Worker-15] WARN  o.e.m.c.i.embedder.EclipseLogger - Using platform encoding (Cp1252 actually) to copy filtered resources, i.e. build is platform dependent!
2015-06-20 16:50:31,503 [Worker-15] INFO  o.e.m.c.i.embedder.EclipseLogger - Copying 0 resource
2015-06-20 16:50:31,505 [Worker-15] WARN  o.e.m.c.i.embedder.EclipseLogger - Using platform encoding (Cp1252 actually) to copy filtered resources, i.e. build is platform dependent!
2015-06-20 16:50:31,507 [Worker-15] INFO  o.e.m.c.i.embedder.EclipseLogger - Copying 0 resource
2015-06-20 16:50:58,557 [Worker-9] INFO  o.e.m.c.i.l.LifecycleMappingFactory - Using org.eclipse.m2e.jdt.JarLifecycleMapping lifecycle mapping for MavenProject: database.access:database.access.facade:0.0.1-SNAPSHOT @ C:\1-dev\1-proj\1-ver-con\git-hub\DatabaseAccess\database.access.facade\pom.xml.
2015-06-20 16:50:58,602 [Worker-9] WARN  o.e.m.c.i.embedder.EclipseLogger - Using platform encoding (Cp1252 actually) to copy filtered resources, i.e. build is platform dependent!
2015-06-20 16:50:58,603 [Worker-9] INFO  o.e.m.c.i.embedder.EclipseLogger - Copying 0 resource
2015-06-20 16:50:58,604 [Worker-9] WARN  o.e.m.c.i.embedder.EclipseLogger - Using platform encoding (Cp1252 actually) to copy filtered resources, i.e. build is platform dependent!
2015-06-20 16:50:58,605 [Worker-9] INFO  o.e.m.c.i.embedder.EclipseLogger - Copying 0 resource
2015-06-20 16:50:59,712 [Worker-9] WARN  o.e.m.c.i.embedder.EclipseLogger - Using platform encoding (Cp1252 actually) to copy filtered resources, i.e. build is platform dependent!
2015-06-20 16:50:59,713 [Worker-9] INFO  o.e.m.c.i.embedder.EclipseLogger - Copying 0 resource
2015-06-20 16:50:59,715 [Worker-9] WARN  o.e.m.c.i.embedder.EclipseLogger - Using platform encoding (Cp1252 actually) to copy filtered resources, i.e. build is platform dependent!
2015-06-20 16:50:59,716 [Worker-9] INFO  o.e.m.c.i.embedder.EclipseLogger - Copying 0 resource
2015-06-20 16:55:50,614 [Worker-25] INFO  o.e.m.c.i.l.LifecycleMappingFactory - Using org.eclipse.m2e.jdt.JarLifecycleMapping lifecycle mapping for MavenProject: com.healassist.server:database.access:0.0.1-SNAPSHOT @ C:\1-dev\1-proj\1-ver-con\git-hub\HealAssist\database.access\pom.xml.
2015-06-20 16:55:50,811 [Worker-19] INFO  o.e.m.c.i.l.LifecycleMappingFactory - Using org.eclipse.m2e.jdt.JarLifecycleMapping lifecycle mapping for MavenProject: com.healassist.server:database.access:0.0.1-SNAPSHOT @ C:\1-dev\1-proj\1-ver-con\git-hub\HealAssist\database.access\pom.xml.
2015-06-20 16:55:51,017 [Worker-19] WARN  o.e.m.c.i.embedder.EclipseLogger - Using platform encoding (Cp1252 actually) to copy filtered resources, i.e. build is platform dependent!
2015-06-20 16:55:51,019 [Worker-19] INFO  o.e.m.c.i.embedder.EclipseLogger - Copying 0 resource
2015-06-20 16:55:51,021 [Worker-19] WARN  o.e.m.c.i.embedder.EclipseLogger - Using platform encoding (Cp1252 actually) to copy filtered resources, i.e. build is platform dependent!
2015-06-20 16:55:51,023 [Worker-19] INFO  o.e.m.c.i.embedder.EclipseLogger - Copying 0 resource
2015-06-20 16:55:52,139 [Worker-20] INFO  o.e.m.c.i.l.LifecycleMappingFactory - Using org.eclipse.m2e.jdt.JarLifecycleMapping lifecycle mapping for MavenProject: com.healassist.server:database.access:0.0.1-SNAPSHOT @ C:\1-dev\1-proj\1-ver-con\git-hub\HealAssist\database.access\pom.xml.
2015-06-20 16:55:52,471 [Worker-24] WARN  o.e.m.c.i.embedder.EclipseLogger - Using platform encoding (Cp1252 actually) to copy filtered resources, i.e. build is platform dependent!
2015-06-20 16:55:52,472 [Worker-24] INFO  o.e.m.c.i.embedder.EclipseLogger - Copying 0 resource
2015-06-20 16:55:52,474 [Worker-24] WARN  o.e.m.c.i.embedder.EclipseLogger - Using platform encoding (Cp1252 actually) to copy filtered resources, i.e. build is platform dependent!
2015-06-20 16:55:52,476 [Worker-24] INFO  o.e.m.c.i.embedder.EclipseLogger - Copying 0 resource
2015-06-20 16:55:53,582 [Worker-21] WARN  o.e.m.c.i.embedder.EclipseLogger - Using platform encoding (Cp1252 actually) to copy filtered resources, i.e. build is platform dependent!
2015-06-20 16:55:53,583 [Worker-21] INFO  o.e.m.c.i.embedder.EclipseLogger - Copying 0 resource
2015-06-20 16:55:53,584 [Worker-21] WARN  o.e.m.c.i.embedder.EclipseLogger - Using platform encoding (Cp1252 actually) to copy filtered resources, i.e. build is platform dependent!
2015-06-20 16:55:53,585 [Worker-21] INFO  o.e.m.c.i.embedder.EclipseLogger - Copying 0 resource
2015-06-20 17:02:36,756 [Worker-24] INFO  o.e.m.c.i.l.LifecycleMappingFactory - Using org.eclipse.m2e.jdt.JarLifecycleMapping lifecycle mapping for MavenProject: database.access:database.access.facade:0.0.1-SNAPSHOT @ C:\1-dev\1-proj\1-ver-con\git-hub\DatabaseAccess\database.access.facade\pom.xml.
2015-06-20 17:02:36,810 [Worker-24] INFO  c.n.h.c.p.n.NettyAsyncHttpProvider - Number of application's worked threads is 8
2015-06-20 17:02:37,582 [New I/O client worker #1-1] INFO  o.e.m.c.i.e.AbstractTransferListenerAdapter - Downloading http://repo.maven.apache.org/maven2/org/mongodb/mongo-java-driver/2.10.1/mongo-java-driver-2.10.1.pom
2015-06-20 17:02:37,585 [New I/O client worker #1-1] INFO  o.e.m.c.i.e.AbstractTransferListenerAdapter - Downloaded http://repo.maven.apache.org/maven2/org/mongodb/mongo-java-driver/2.10.1/mongo-java-driver-2.10.1.pom
2015-06-20 17:02:37,652 [Worker-24] INFO  c.n.h.c.p.n.NettyAsyncHttpProvider - Number of application's worked threads is 8
2015-06-20 17:02:37,726 [New I/O client worker #2-1] INFO  o.e.m.c.i.e.AbstractTransferListenerAdapter - Downloading http://repo.maven.apache.org/maven2/org/mongodb/mongo-java-driver/2.10.1/mongo-java-driver-2.10.1.jar
2015-06-20 17:02:38,025 [New I/O client worker #2-1] INFO  o.e.m.c.i.e.AbstractTransferListenerAdapter - Downloaded http://repo.maven.apache.org/maven2/org/mongodb/mongo-java-driver/2.10.1/mongo-java-driver-2.10.1.jar
2015-06-20 17:02:38,175 [Worker-24] WARN  o.e.m.c.i.embedder.EclipseLogger - Using platform encoding (Cp1252 actually) to copy filtered resources, i.e. build is platform dependent!
2015-06-20 17:02:38,176 [Worker-24] INFO  o.e.m.c.i.embedder.EclipseLogger - Copying 0 resource
2015-06-20 17:02:38,177 [Worker-24] WARN  o.e.m.c.i.embedder.EclipseLogger - Using platform encoding (Cp1252 actually) to copy filtered resources, i.e. build is platform dependent!
2015-06-20 17:02:38,178 [Worker-24] INFO  o.e.m.c.i.embedder.EclipseLogger - Copying 0 resource
2015-06-20 17:02:39,350 [Worker-30] WARN  o.e.m.c.i.embedder.EclipseLogger - Using platform encoding (Cp1252 actually) to copy filtered resources, i.e. build is platform dependent!
2015-06-20 17:02:39,351 [Worker-30] INFO  o.e.m.c.i.embedder.EclipseLogger - Copying 0 resource
2015-06-20 17:02:39,352 [Worker-30] WARN  o.e.m.c.i.embedder.EclipseLogger - Using platform encoding (Cp1252 actually) to copy filtered resources, i.e. build is platform dependent!
2015-06-20 17:02:39,353 [Worker-30] INFO  o.e.m.c.i.embedder.EclipseLogger - Copying 0 resource
2015-06-20 17:28:44,717 [Worker-37] INFO  o.e.m.c.i.l.LifecycleMappingFactory - Using org.eclipse.m2e.jdt.JarLifecycleMapping lifecycle mapping for MavenProject: database.access:database.access.facade.document-based:0.0.1-SNAPSHOT @ C:\1-dev\1-proj\1-ver-con\git-hub\DatabaseAccess\database.access.facade.document-based\pom.xml.
2015-06-20 17:28:44,762 [Worker-37] INFO  o.e.m.j.i.AbstractJavaProjectConfigurator - Adding source folder /database.access.facade.document-based/src/main/java
2015-06-20 17:28:44,763 [Worker-37] INFO  o.e.m.j.i.AbstractJavaProjectConfigurator - Adding resource folder /database.access.facade.document-based/src/main/resources
2015-06-20 17:28:44,763 [Worker-37] INFO  o.e.m.j.i.AbstractJavaProjectConfigurator - Adding source folder /database.access.facade.document-based/src/test/java
2015-06-20 17:28:44,763 [Worker-37] INFO  o.e.m.j.i.AbstractJavaProjectConfigurator - Adding resource folder /database.access.facade.document-based/src/test/resources
2015-06-20 17:28:45,002 [Worker-33] INFO  o.e.m.c.i.l.LifecycleMappingFactory - Using org.eclipse.m2e.jdt.JarLifecycleMapping lifecycle mapping for MavenProject: database.access:database.access.facade.document-based:0.0.1-SNAPSHOT @ C:\1-dev\1-proj\1-ver-con\git-hub\DatabaseAccess\database.access.facade.document-based\pom.xml.
2015-06-20 17:28:45,060 [Worker-33] WARN  o.e.m.c.i.embedder.EclipseLogger - Using platform encoding (Cp1252 actually) to copy filtered resources, i.e. build is platform dependent!
2015-06-20 17:28:45,061 [Worker-33] INFO  o.e.m.c.i.embedder.EclipseLogger - Copying 0 resource
2015-06-20 17:28:45,062 [Worker-33] WARN  o.e.m.c.i.embedder.EclipseLogger - Using platform encoding (Cp1252 actually) to copy filtered resources, i.e. build is platform dependent!
2015-06-20 17:28:45,063 [Worker-33] INFO  o.e.m.c.i.embedder.EclipseLogger - Copying 0 resource
2015-06-20 17:28:45,914 [Worker-40] INFO  o.e.m.c.i.l.LifecycleMappingFactory - Using org.eclipse.m2e.jdt.JarLifecycleMapping lifecycle mapping for MavenProject: database.access:database.access.facade.document-based:0.0.1-SNAPSHOT @ C:\1-dev\1-proj\1-ver-con\git-hub\DatabaseAccess\database.access.facade.document-based\pom.xml.
2015-06-20 17:28:46,124 [Worker-38] WARN  o.e.m.c.i.embedder.EclipseLogger - Using platform encoding (Cp1252 actually) to copy filtered resources, i.e. build is platform dependent!
2015-06-20 17:28:46,125 [Worker-38] INFO  o.e.m.c.i.embedder.EclipseLogger - Copying 0 resource
2015-06-20 17:28:46,126 [Worker-38] WARN  o.e.m.c.i.embedder.EclipseLogger - Using platform encoding (Cp1252 actually) to copy filtered resources, i.e. build is platform dependent!
2015-06-20 17:28:46,127 [Worker-38] INFO  o.e.m.c.i.embedder.EclipseLogger - Copying 0 resource
2015-06-20 17:32:22,762 [Worker-45] WARN  o.e.m.c.i.embedder.EclipseLogger - Using platform encoding (Cp1252 actually) to copy filtered resources, i.e. build is platform dependent!
2015-06-20 17:32:22,763 [Worker-45] INFO  o.e.m.c.i.embedder.EclipseLogger - Copying 0 resource
2015-06-20 17:32:22,765 [Worker-45] WARN  o.e.m.c.i.embedder.EclipseLogger - Using platform encoding (Cp1252 actually) to copy filtered resources, i.e. build is platform dependent!
2015-06-20 17:32:22,766 [Worker-45] INFO  o.e.m.c.i.embedder.EclipseLogger - Copying 0 resource
2015-06-20 17:32:23,839 [Worker-46] WARN  o.e.m.c.i.embedder.EclipseLogger - Using platform encoding (Cp1252 actually) to copy filtered resources, i.e. build is platform dependent!
2015-06-20 17:32:23,840 [Worker-46] INFO  o.e.m.c.i.embedder.EclipseLogger - Copying 0 resource
2015-06-20 17:32:23,841 [Worker-46] WARN  o.e.m.c.i.embedder.EclipseLogger - Using platform encoding (Cp1252 actually) to copy filtered resources, i.e. build is platform dependent!
2015-06-20 17:32:23,842 [Worker-46] INFO  o.e.m.c.i.embedder.EclipseLogger - Copying 0 resource
2015-06-20 17:32:23,849 [Worker-46] WARN  o.e.m.c.i.embedder.EclipseLogger - Using platform encoding (Cp1252 actually) to copy filtered resources, i.e. build is platform dependent!
2015-06-20 17:32:23,850 [Worker-46] INFO  o.e.m.c.i.embedder.EclipseLogger - Copying 0 resource
2015-06-20 17:32:23,851 [Worker-46] WARN  o.e.m.c.i.embedder.EclipseLogger - Using platform encoding (Cp1252 actually) to copy filtered resources, i.e. build is platform dependent!
2015-06-20 17:32:23,852 [Worker-46] INFO  o.e.m.c.i.embedder.EclipseLogger - Copying 0 resource
2015-06-20 17:33:57,791 [Worker-51] WARN  o.e.m.c.i.embedder.EclipseLogger - Using platform encoding (Cp1252 actually) to copy filtered resources, i.e. build is platform dependent!
2015-06-20 17:33:57,793 [Worker-51] INFO  o.e.m.c.i.embedder.EclipseLogger - Copying 0 resource
2015-06-20 17:33:57,794 [Worker-51] WARN  o.e.m.c.i.embedder.EclipseLogger - Using platform encoding (Cp1252 actually) to copy filtered resources, i.e. build is platform dependent!
2015-06-20 17:33:57,795 [Worker-51] INFO  o.e.m.c.i.embedder.EclipseLogger - Copying 0 resource
2015-06-20 17:34:09,192 [Worker-48] WARN  o.e.m.c.i.embedder.EclipseLogger - Using platform encoding (Cp1252 actually) to copy filtered resources, i.e. build is platform dependent!
2015-06-20 17:34:09,194 [Worker-48] INFO  o.e.m.c.i.embedder.EclipseLogger - Copying 0 resource
2015-06-20 17:34:09,195 [Worker-48] WARN  o.e.m.c.i.embedder.EclipseLogger - Using platform encoding (Cp1252 actually) to copy filtered resources, i.e. build is platform dependent!
2015-06-20 17:34:09,196 [Worker-48] INFO  o.e.m.c.i.embedder.EclipseLogger - Copying 0 resource
2015-06-20 17:34:12,623 [Worker-52] WARN  o.e.m.c.i.embedder.EclipseLogger - Using platform encoding (Cp1252 actually) to copy filtered resources, i.e. build is platform dependent!
2015-06-20 17:34:12,624 [Worker-52] INFO  o.e.m.c.i.embedder.EclipseLogger - Copying 0 resource
2015-06-20 17:34:12,625 [Worker-52] WARN  o.e.m.c.i.embedder.EclipseLogger - Using platform encoding (Cp1252 actually) to copy filtered resources, i.e. build is platform dependent!
2015-06-20 17:34:12,626 [Worker-52] INFO  o.e.m.c.i.embedder.EclipseLogger - Copying 0 resource
2015-06-20 17:36:32,506 [Worker-43] WARN  o.e.m.c.i.embedder.EclipseLogger - Using platform encoding (Cp1252 actually) to copy filtered resources, i.e. build is platform dependent!
2015-06-20 17:36:32,508 [Worker-43] INFO  o.e.m.c.i.embedder.EclipseLogger - Copying 0 resource
2015-06-20 17:36:32,509 [Worker-43] WARN  o.e.m.c.i.embedder.EclipseLogger - Using platform encoding (Cp1252 actually) to copy filtered resources, i.e. build is platform dependent!
2015-06-20 17:36:32,510 [Worker-43] INFO  o.e.m.c.i.embedder.EclipseLogger - Copying 0 resource
2015-06-20 17:36:46,524 [Worker-53] WARN  o.e.m.c.i.embedder.EclipseLogger - Using platform encoding (Cp1252 actually) to copy filtered resources, i.e. build is platform dependent!
2015-06-20 17:36:46,525 [Worker-53] INFO  o.e.m.c.i.embedder.EclipseLogger - Copying 0 resource
2015-06-20 17:36:46,526 [Worker-53] WARN  o.e.m.c.i.embedder.EclipseLogger - Using platform encoding (Cp1252 actually) to copy filtered resources, i.e. build is platform dependent!
2015-06-20 17:36:46,527 [Worker-53] INFO  o.e.m.c.i.embedder.EclipseLogger - Copying 0 resource
2015-06-20 17:36:58,827 [Worker-56] WARN  o.e.m.c.i.embedder.EclipseLogger - Using platform encoding (Cp1252 actually) to copy filtered resources, i.e. build is platform dependent!
2015-06-20 17:36:58,829 [Worker-56] INFO  o.e.m.c.i.embedder.EclipseLogger - Copying 0 resource
2015-06-20 17:36:58,830 [Worker-56] WARN  o.e.m.c.i.embedder.EclipseLogger - Using platform encoding (Cp1252 actually) to copy filtered resources, i.e. build is platform dependent!
2015-06-20 17:36:58,831 [Worker-56] INFO  o.e.m.c.i.embedder.EclipseLogger - Copying 0 resource
2015-06-20 17:37:04,862 [Worker-56] WARN  o.e.m.c.i.embedder.EclipseLogger - Using platform encoding (Cp1252 actually) to copy filtered resources, i.e. build is platform dependent!
2015-06-20 17:37:04,863 [Worker-56] INFO  o.e.m.c.i.embedder.EclipseLogger - Copying 0 resource
2015-06-20 17:37:04,864 [Worker-56] WARN  o.e.m.c.i.embedder.EclipseLogger - Using platform encoding (Cp1252 actually) to copy filtered resources, i.e. build is platform dependent!
2015-06-20 17:37:04,865 [Worker-56] INFO  o.e.m.c.i.embedder.EclipseLogger - Copying 0 resource
2015-06-20 17:39:21,130 [Worker-55] INFO  o.e.m.c.i.l.LifecycleMappingFactory - Using org.eclipse.m2e.jdt.JarLifecycleMapping lifecycle mapping for MavenProject: database.access:database.access.facade.document-based:0.0.1-SNAPSHOT @ C:\1-dev\1-proj\1-ver-con\git-hub\DatabaseAccess\database.access.facade.document-based\pom.xml.
2015-06-20 17:39:21,193 [Worker-55] WARN  o.e.m.c.i.embedder.EclipseLogger - Using platform encoding (Cp1252 actually) to copy filtered resources, i.e. build is platform dependent!
2015-06-20 17:39:21,194 [Worker-55] INFO  o.e.m.c.i.embedder.EclipseLogger - Copying 0 resource
2015-06-20 17:39:21,196 [Worker-55] WARN  o.e.m.c.i.embedder.EclipseLogger - Using platform encoding (Cp1252 actually) to copy filtered resources, i.e. build is platform dependent!
2015-06-20 17:39:21,197 [Worker-55] INFO  o.e.m.c.i.embedder.EclipseLogger - Copying 0 resource
2015-06-20 17:39:22,311 [Worker-57] WARN  o.e.m.c.i.embedder.EclipseLogger - Using platform encoding (Cp1252 actually) to copy filtered resources, i.e. build is platform dependent!
2015-06-20 17:39:22,312 [Worker-57] INFO  o.e.m.c.i.embedder.EclipseLogger - Copying 0 resource
2015-06-20 17:39:22,313 [Worker-57] WARN  o.e.m.c.i.embedder.EclipseLogger - Using platform encoding (Cp1252 actually) to copy filtered resources, i.e. build is platform dependent!
2015-06-20 17:39:22,314 [Worker-57] INFO  o.e.m.c.i.embedder.EclipseLogger - Copying 0 resource
2015-06-20 17:40:35,554 [Worker-56] WARN  o.e.m.c.i.embedder.EclipseLogger - Using platform encoding (Cp1252 actually) to copy filtered resources, i.e. build is platform dependent!
2015-06-20 17:40:35,555 [Worker-56] INFO  o.e.m.c.i.embedder.EclipseLogger - Copying 0 resource
2015-06-20 17:40:35,556 [Worker-56] WARN  o.e.m.c.i.embedder.EclipseLogger - Using platform encoding (Cp1252 actually) to copy filtered resources, i.e. build is platform dependent!
2015-06-20 17:40:35,557 [Worker-56] INFO  o.e.m.c.i.embedder.EclipseLogger - Copying 0 resource
2015-06-20 17:42:16,008 [Worker-61] WARN  o.e.m.c.i.embedder.EclipseLogger - Using platform encoding (Cp1252 actually) to copy filtered resources, i.e. build is platform dependent!
2015-06-20 17:42:16,009 [Worker-61] INFO  o.e.m.c.i.embedder.EclipseLogger - Copying 0 resource
2015-06-20 17:42:16,011 [Worker-61] WARN  o.e.m.c.i.embedder.EclipseLogger - Using platform encoding (Cp1252 actually) to copy filtered resources, i.e. build is platform dependent!
2015-06-20 17:42:16,011 [Worker-61] INFO  o.e.m.c.i.embedder.EclipseLogger - Copying 0 resource
2015-06-20 17:45:07,888 [Worker-66] WARN  o.e.m.c.i.embedder.EclipseLogger - Using platform encoding (Cp1252 actually) to copy filtered resources, i.e. build is platform dependent!
2015-06-20 17:45:07,889 [Worker-66] INFO  o.e.m.c.i.embedder.EclipseLogger - Copying 0 resource
2015-06-20 17:45:07,890 [Worker-66] WARN  o.e.m.c.i.embedder.EclipseLogger - Using platform encoding (Cp1252 actually) to copy filtered resources, i.e. build is platform dependent!
2015-06-20 17:45:07,891 [Worker-66] INFO  o.e.m.c.i.embedder.EclipseLogger - Copying 0 resource
2015-06-20 17:48:25,048 [Worker-66] WARN  o.e.m.c.i.embedder.EclipseLogger - Using platform encoding (Cp1252 actually) to copy filtered resources, i.e. build is platform dependent!
2015-06-20 17:48:25,049 [Worker-66] INFO  o.e.m.c.i.embedder.EclipseLogger - Copying 0 resource
2015-06-20 17:48:25,051 [Worker-66] WARN  o.e.m.c.i.embedder.EclipseLogger - Using platform encoding (Cp1252 actually) to copy filtered resources, i.e. build is platform dependent!
2015-06-20 17:48:25,052 [Worker-66] INFO  o.e.m.c.i.embedder.EclipseLogger - Copying 0 resource
2015-06-20 17:52:14,519 [Worker-72] WARN  o.e.m.c.i.embedder.EclipseLogger - Using platform encoding (Cp1252 actually) to copy filtered resources, i.e. build is platform dependent!
2015-06-20 17:52:14,521 [Worker-72] INFO  o.e.m.c.i.embedder.EclipseLogger - Copying 0 resource
2015-06-20 17:52:14,522 [Worker-72] WARN  o.e.m.c.i.embedder.EclipseLogger - Using platform encoding (Cp1252 actually) to copy filtered resources, i.e. build is platform dependent!
2015-06-20 17:52:14,524 [Worker-72] INFO  o.e.m.c.i.embedder.EclipseLogger - Copying 0 resource
2015-06-20 17:52:44,996 [Worker-79] WARN  o.e.m.c.i.embedder.EclipseLogger - Using platform encoding (Cp1252 actually) to copy filtered resources, i.e. build is platform dependent!
2015-06-20 17:52:44,997 [Worker-79] INFO  o.e.m.c.i.embedder.EclipseLogger - Copying 0 resource
2015-06-20 17:52:44,998 [Worker-79] WARN  o.e.m.c.i.embedder.EclipseLogger - Using platform encoding (Cp1252 actually) to copy filtered resources, i.e. build is platform dependent!
2015-06-20 17:52:44,999 [Worker-79] INFO  o.e.m.c.i.embedder.EclipseLogger - Copying 0 resource
2015-06-20 17:54:02,713 [Worker-78] WARN  o.e.m.c.i.embedder.EclipseLogger - Using platform encoding (Cp1252 actually) to copy filtered resources, i.e. build is platform dependent!
2015-06-20 17:54:02,714 [Worker-78] INFO  o.e.m.c.i.embedder.EclipseLogger - Copying 0 resource
2015-06-20 17:54:02,715 [Worker-78] WARN  o.e.m.c.i.embedder.EclipseLogger - Using platform encoding (Cp1252 actually) to copy filtered resources, i.e. build is platform dependent!
2015-06-20 17:54:02,716 [Worker-78] INFO  o.e.m.c.i.embedder.EclipseLogger - Copying 0 resource
2015-06-20 17:54:07,859 [Worker-76] WARN  o.e.m.c.i.embedder.EclipseLogger - Using platform encoding (Cp1252 actually) to copy filtered resources, i.e. build is platform dependent!
2015-06-20 17:54:07,861 [Worker-76] INFO  o.e.m.c.i.embedder.EclipseLogger - Copying 0 resource
2015-06-20 17:54:07,862 [Worker-76] WARN  o.e.m.c.i.embedder.EclipseLogger - Using platform encoding (Cp1252 actually) to copy filtered resources, i.e. build is platform dependent!
2015-06-20 17:54:07,863 [Worker-76] INFO  o.e.m.c.i.embedder.EclipseLogger - Copying 0 resource
2015-06-20 17:54:20,268 [Worker-72] WARN  o.e.m.c.i.embedder.EclipseLogger - Using platform encoding (Cp1252 actually) to copy filtered resources, i.e. build is platform dependent!
2015-06-20 17:54:20,269 [Worker-72] INFO  o.e.m.c.i.embedder.EclipseLogger - Copying 0 resource
2015-06-20 17:54:20,270 [Worker-72] WARN  o.e.m.c.i.embedder.EclipseLogger - Using platform encoding (Cp1252 actually) to copy filtered resources, i.e. build is platform dependent!
2015-06-20 17:54:20,271 [Worker-72] INFO  o.e.m.c.i.embedder.EclipseLogger - Copying 0 resource
2015-06-20 17:54:34,469 [Worker-77] WARN  o.e.m.c.i.embedder.EclipseLogger - Using platform encoding (Cp1252 actually) to copy filtered resources, i.e. build is platform dependent!
2015-06-20 17:54:34,470 [Worker-77] INFO  o.e.m.c.i.embedder.EclipseLogger - Copying 0 resource
2015-06-20 17:54:34,471 [Worker-77] WARN  o.e.m.c.i.embedder.EclipseLogger - Using platform encoding (Cp1252 actually) to copy filtered resources, i.e. build is platform dependent!
2015-06-20 17:54:34,472 [Worker-77] INFO  o.e.m.c.i.embedder.EclipseLogger - Copying 0 resource
2015-06-20 17:54:40,350 [Worker-75] WARN  o.e.m.c.i.embedder.EclipseLogger - Using platform encoding (Cp1252 actually) to copy filtered resources, i.e. build is platform dependent!
2015-06-20 17:54:40,351 [Worker-75] INFO  o.e.m.c.i.embedder.EclipseLogger - Copying 0 resource
2015-06-20 17:54:40,352 [Worker-75] WARN  o.e.m.c.i.embedder.EclipseLogger - Using platform encoding (Cp1252 actually) to copy filtered resources, i.e. build is platform dependent!
2015-06-20 17:54:40,352 [Worker-75] INFO  o.e.m.c.i.embedder.EclipseLogger - Copying 0 resource
2015-06-20 17:55:41,847 [Worker-64] WARN  o.e.m.c.i.embedder.EclipseLogger - Using platform encoding (Cp1252 actually) to copy filtered resources, i.e. build is platform dependent!
2015-06-20 17:55:41,848 [Worker-64] INFO  o.e.m.c.i.embedder.EclipseLogger - Copying 0 resource
2015-06-20 17:55:41,850 [Worker-64] WARN  o.e.m.c.i.embedder.EclipseLogger - Using platform encoding (Cp1252 actually) to copy filtered resources, i.e. build is platform dependent!
2015-06-20 17:55:41,850 [Worker-64] INFO  o.e.m.c.i.embedder.EclipseLogger - Copying 0 resource
2015-06-20 17:57:14,265 [Worker-72] WARN  o.e.m.c.i.embedder.EclipseLogger - Using platform encoding (Cp1252 actually) to copy filtered resources, i.e. build is platform dependent!
2015-06-20 17:57:14,266 [Worker-72] INFO  o.e.m.c.i.embedder.EclipseLogger - Copying 0 resource
2015-06-20 17:57:14,267 [Worker-72] WARN  o.e.m.c.i.embedder.EclipseLogger - Using platform encoding (Cp1252 actually) to copy filtered resources, i.e. build is platform dependent!
2015-06-20 17:57:14,268 [Worker-72] INFO  o.e.m.c.i.embedder.EclipseLogger - Copying 0 resource
2015-06-20 17:58:08,019 [Worker-85] WARN  o.e.m.c.i.embedder.EclipseLogger - Using platform encoding (Cp1252 actually) to copy filtered resources, i.e. build is platform dependent!
2015-06-20 17:58:08,021 [Worker-85] INFO  o.e.m.c.i.embedder.EclipseLogger - Copying 0 resource
2015-06-20 17:58:08,022 [Worker-85] WARN  o.e.m.c.i.embedder.EclipseLogger - Using platform encoding (Cp1252 actually) to copy filtered resources, i.e. build is platform dependent!
2015-06-20 17:58:08,023 [Worker-85] INFO  o.e.m.c.i.embedder.EclipseLogger - Copying 0 resource
2015-06-20 17:58:18,223 [Worker-64] WARN  o.e.m.c.i.embedder.EclipseLogger - Using platform encoding (Cp1252 actually) to copy filtered resources, i.e. build is platform dependent!
2015-06-20 17:58:18,224 [Worker-64] INFO  o.e.m.c.i.embedder.EclipseLogger - Copying 0 resource
2015-06-20 17:58:18,226 [Worker-64] WARN  o.e.m.c.i.embedder.EclipseLogger - Using platform encoding (Cp1252 actually) to copy filtered resources, i.e. build is platform dependent!
2015-06-20 17:58:18,226 [Worker-64] INFO  o.e.m.c.i.embedder.EclipseLogger - Copying 0 resource
2015-06-20 17:58:25,592 [Worker-84] WARN  o.e.m.c.i.embedder.EclipseLogger - Using platform encoding (Cp1252 actually) to copy filtered resources, i.e. build is platform dependent!
2015-06-20 17:58:25,593 [Worker-84] INFO  o.e.m.c.i.embedder.EclipseLogger - Copying 0 resource
2015-06-20 17:58:25,595 [Worker-84] WARN  o.e.m.c.i.embedder.EclipseLogger - Using platform encoding (Cp1252 actually) to copy filtered resources, i.e. build is platform dependent!
2015-06-20 17:58:25,595 [Worker-84] INFO  o.e.m.c.i.embedder.EclipseLogger - Copying 0 resource
2015-06-20 17:58:43,961 [Worker-85] WARN  o.e.m.c.i.embedder.EclipseLogger - Using platform encoding (Cp1252 actually) to copy filtered resources, i.e. build is platform dependent!
2015-06-20 17:58:43,962 [Worker-85] INFO  o.e.m.c.i.embedder.EclipseLogger - Copying 0 resource
2015-06-20 17:58:43,963 [Worker-85] WARN  o.e.m.c.i.embedder.EclipseLogger - Using platform encoding (Cp1252 actually) to copy filtered resources, i.e. build is platform dependent!
2015-06-20 17:58:43,964 [Worker-85] INFO  o.e.m.c.i.embedder.EclipseLogger - Copying 0 resource
2015-06-20 17:59:01,435 [Worker-75] WARN  o.e.m.c.i.embedder.EclipseLogger - Using platform encoding (Cp1252 actually) to copy filtered resources, i.e. build is platform dependent!
2015-06-20 17:59:01,437 [Worker-75] INFO  o.e.m.c.i.embedder.EclipseLogger - Copying 0 resource
2015-06-20 17:59:01,439 [Worker-75] WARN  o.e.m.c.i.embedder.EclipseLogger - Using platform encoding (Cp1252 actually) to copy filtered resources, i.e. build is platform dependent!
2015-06-20 17:59:01,440 [Worker-75] INFO  o.e.m.c.i.embedder.EclipseLogger - Copying 0 resource
2015-06-20 17:59:03,800 [Worker-76] WARN  o.e.m.c.i.embedder.EclipseLogger - Using platform encoding (Cp1252 actually) to copy filtered resources, i.e. build is platform dependent!
2015-06-20 17:59:03,801 [Worker-76] INFO  o.e.m.c.i.embedder.EclipseLogger - Copying 0 resource
2015-06-20 17:59:03,802 [Worker-76] WARN  o.e.m.c.i.embedder.EclipseLogger - Using platform encoding (Cp1252 actually) to copy filtered resources, i.e. build is platform dependent!
2015-06-20 17:59:03,803 [Worker-76] INFO  o.e.m.c.i.embedder.EclipseLogger - Copying 0 resource
2015-06-20 17:59:12,981 [Worker-85] WARN  o.e.m.c.i.embedder.EclipseLogger - Using platform encoding (Cp1252 actually) to copy filtered resources, i.e. build is platform dependent!
2015-06-20 17:59:12,982 [Worker-85] INFO  o.e.m.c.i.embedder.EclipseLogger - Copying 0 resource
2015-06-20 17:59:12,983 [Worker-85] WARN  o.e.m.c.i.embedder.EclipseLogger - Using platform encoding (Cp1252 actually) to copy filtered resources, i.e. build is platform dependent!
2015-06-20 17:59:12,984 [Worker-85] INFO  o.e.m.c.i.embedder.EclipseLogger - Copying 0 resource
2015-06-20 18:00:33,043 [Worker-86] WARN  o.e.m.c.i.embedder.EclipseLogger - Using platform encoding (Cp1252 actually) to copy filtered resources, i.e. build is platform dependent!
2015-06-20 18:00:33,045 [Worker-86] INFO  o.e.m.c.i.embedder.EclipseLogger - Copying 0 resource
2015-06-20 18:00:33,047 [Worker-86] WARN  o.e.m.c.i.embedder.EclipseLogger - Using platform encoding (Cp1252 actually) to copy filtered resources, i.e. build is platform dependent!
2015-06-20 18:00:33,049 [Worker-86] INFO  o.e.m.c.i.embedder.EclipseLogger - Copying 0 resource
2015-06-20 18:00:49,772 [Worker-76] WARN  o.e.m.c.i.embedder.EclipseLogger - Using platform encoding (Cp1252 actually) to copy filtered resources, i.e. build is platform dependent!
2015-06-20 18:00:49,773 [Worker-76] INFO  o.e.m.c.i.embedder.EclipseLogger - Copying 0 resource
2015-06-20 18:00:49,775 [Worker-76] WARN  o.e.m.c.i.embedder.EclipseLogger - Using platform encoding (Cp1252 actually) to copy filtered resources, i.e. build is platform dependent!
2015-06-20 18:00:49,776 [Worker-76] INFO  o.e.m.c.i.embedder.EclipseLogger - Copying 0 resource
2015-06-20 18:01:04,029 [Worker-82] WARN  o.e.m.c.i.embedder.EclipseLogger - Using platform encoding (Cp1252 actually) to copy filtered resources, i.e. build is platform dependent!
2015-06-20 18:01:04,030 [Worker-82] INFO  o.e.m.c.i.embedder.EclipseLogger - Copying 0 resource
2015-06-20 18:01:04,032 [Worker-82] WARN  o.e.m.c.i.embedder.EclipseLogger - Using platform encoding (Cp1252 actually) to copy filtered resources, i.e. build is platform dependent!
2015-06-20 18:01:04,033 [Worker-82] INFO  o.e.m.c.i.embedder.EclipseLogger - Copying 0 resource
2015-06-20 18:01:11,511 [Worker-86] WARN  o.e.m.c.i.embedder.EclipseLogger - Using platform encoding (Cp1252 actually) to copy filtered resources, i.e. build is platform dependent!
2015-06-20 18:01:11,514 [Worker-86] INFO  o.e.m.c.i.embedder.EclipseLogger - Copying 0 resource
2015-06-20 18:01:11,516 [Worker-86] WARN  o.e.m.c.i.embedder.EclipseLogger - Using platform encoding (Cp1252 actually) to copy filtered resources, i.e. build is platform dependent!
2015-06-20 18:01:11,518 [Worker-86] INFO  o.e.m.c.i.embedder.EclipseLogger - Copying 0 resource
2015-06-20 18:01:17,665 [Worker-82] WARN  o.e.m.c.i.embedder.EclipseLogger - Using platform encoding (Cp1252 actually) to copy filtered resources, i.e. build is platform dependent!
2015-06-20 18:01:17,667 [Worker-82] INFO  o.e.m.c.i.embedder.EclipseLogger - Copying 0 resource
2015-06-20 18:01:17,668 [Worker-82] WARN  o.e.m.c.i.embedder.EclipseLogger - Using platform encoding (Cp1252 actually) to copy filtered resources, i.e. build is platform dependent!
2015-06-20 18:01:17,668 [Worker-82] INFO  o.e.m.c.i.embedder.EclipseLogger - Copying 0 resource
2015-06-20 18:01:33,348 [Worker-64] WARN  o.e.m.c.i.embedder.EclipseLogger - Using platform encoding (Cp1252 actually) to copy filtered resources, i.e. build is platform dependent!
2015-06-20 18:01:33,350 [Worker-64] INFO  o.e.m.c.i.embedder.EclipseLogger - Copying 0 resource
2015-06-20 18:01:33,351 [Worker-64] WARN  o.e.m.c.i.embedder.EclipseLogger - Using platform encoding (Cp1252 actually) to copy filtered resources, i.e. build is platform dependent!
2015-06-20 18:01:33,352 [Worker-64] INFO  o.e.m.c.i.embedder.EclipseLogger - Copying 0 resource
2015-06-20 18:01:38,474 [Worker-90] WARN  o.e.m.c.i.embedder.EclipseLogger - Using platform encoding (Cp1252 actually) to copy filtered resources, i.e. build is platform dependent!
2015-06-20 18:01:38,475 [Worker-90] INFO  o.e.m.c.i.embedder.EclipseLogger - Copying 0 resource
2015-06-20 18:01:38,476 [Worker-90] WARN  o.e.m.c.i.embedder.EclipseLogger - Using platform encoding (Cp1252 actually) to copy filtered resources, i.e. build is platform dependent!
2015-06-20 18:01:38,477 [Worker-90] INFO  o.e.m.c.i.embedder.EclipseLogger - Copying 0 resource
2015-06-20 18:02:24,477 [Worker-76] WARN  o.e.m.c.i.embedder.EclipseLogger - Using platform encoding (Cp1252 actually) to copy filtered resources, i.e. build is platform dependent!
2015-06-20 18:02:24,478 [Worker-76] INFO  o.e.m.c.i.embedder.EclipseLogger - Copying 0 resource
2015-06-20 18:02:24,479 [Worker-76] WARN  o.e.m.c.i.embedder.EclipseLogger - Using platform encoding (Cp1252 actually) to copy filtered resources, i.e. build is platform dependent!
2015-06-20 18:02:24,480 [Worker-76] INFO  o.e.m.c.i.embedder.EclipseLogger - Copying 0 resource
2015-06-20 18:02:31,264 [Worker-89] WARN  o.e.m.c.i.embedder.EclipseLogger - Using platform encoding (Cp1252 actually) to copy filtered resources, i.e. build is platform dependent!
2015-06-20 18:02:31,265 [Worker-89] INFO  o.e.m.c.i.embedder.EclipseLogger - Copying 0 resource
2015-06-20 18:02:31,266 [Worker-89] WARN  o.e.m.c.i.embedder.EclipseLogger - Using platform encoding (Cp1252 actually) to copy filtered resources, i.e. build is platform dependent!
2015-06-20 18:02:31,267 [Worker-89] INFO  o.e.m.c.i.embedder.EclipseLogger - Copying 0 resource
2015-06-20 18:02:39,841 [Worker-76] WARN  o.e.m.c.i.embedder.EclipseLogger - Using platform encoding (Cp1252 actually) to copy filtered resources, i.e. build is platform dependent!
2015-06-20 18:02:39,843 [Worker-76] INFO  o.e.m.c.i.embedder.EclipseLogger - Copying 0 resource
2015-06-20 18:02:39,844 [Worker-76] WARN  o.e.m.c.i.embedder.EclipseLogger - Using platform encoding (Cp1252 actually) to copy filtered resources, i.e. build is platform dependent!
2015-06-20 18:02:39,845 [Worker-76] INFO  o.e.m.c.i.embedder.EclipseLogger - Copying 0 resource
2015-06-20 18:03:17,391 [Worker-87] WARN  o.e.m.c.i.embedder.EclipseLogger - Using platform encoding (Cp1252 actually) to copy filtered resources, i.e. build is platform dependent!
2015-06-20 18:03:17,392 [Worker-87] INFO  o.e.m.c.i.embedder.EclipseLogger - Copying 0 resource
2015-06-20 18:03:17,393 [Worker-87] WARN  o.e.m.c.i.embedder.EclipseLogger - Using platform encoding (Cp1252 actually) to copy filtered resources, i.e. build is platform dependent!
2015-06-20 18:03:17,394 [Worker-87] INFO  o.e.m.c.i.embedder.EclipseLogger - Copying 0 resource
2015-06-20 18:03:25,368 [Worker-72] WARN  o.e.m.c.i.embedder.EclipseLogger - Using platform encoding (Cp1252 actually) to copy filtered resources, i.e. build is platform dependent!
2015-06-20 18:03:25,370 [Worker-72] INFO  o.e.m.c.i.embedder.EclipseLogger - Copying 0 resource
2015-06-20 18:03:25,372 [Worker-72] WARN  o.e.m.c.i.embedder.EclipseLogger - Using platform encoding (Cp1252 actually) to copy filtered resources, i.e. build is platform dependent!
2015-06-20 18:03:25,373 [Worker-72] INFO  o.e.m.c.i.embedder.EclipseLogger - Copying 0 resource
2015-06-20 18:03:29,958 [Worker-90] WARN  o.e.m.c.i.embedder.EclipseLogger - Using platform encoding (Cp1252 actually) to copy filtered resources, i.e. build is platform dependent!
2015-06-20 18:03:29,959 [Worker-90] INFO  o.e.m.c.i.embedder.EclipseLogger - Copying 0 resource
2015-06-20 18:03:29,961 [Worker-90] WARN  o.e.m.c.i.embedder.EclipseLogger - Using platform encoding (Cp1252 actually) to copy filtered resources, i.e. build is platform dependent!
2015-06-20 18:03:29,962 [Worker-90] INFO  o.e.m.c.i.embedder.EclipseLogger - Copying 0 resource
2015-06-20 18:04:08,276 [Worker-82] WARN  o.e.m.c.i.embedder.EclipseLogger - Using platform encoding (Cp1252 actually) to copy filtered resources, i.e. build is platform dependent!
2015-06-20 18:04:08,277 [Worker-82] INFO  o.e.m.c.i.embedder.EclipseLogger - Copying 0 resource
2015-06-20 18:04:08,278 [Worker-82] WARN  o.e.m.c.i.embedder.EclipseLogger - Using platform encoding (Cp1252 actually) to copy filtered resources, i.e. build is platform dependent!
2015-06-20 18:04:08,279 [Worker-82] INFO  o.e.m.c.i.embedder.EclipseLogger - Copying 0 resource
2015-06-20 18:06:35,529 [Worker-91] WARN  o.e.m.c.i.embedder.EclipseLogger - Using platform encoding (Cp1252 actually) to copy filtered resources, i.e. build is platform dependent!
2015-06-20 18:06:35,530 [Worker-91] INFO  o.e.m.c.i.embedder.EclipseLogger - Copying 0 resource
2015-06-20 18:06:35,531 [Worker-91] WARN  o.e.m.c.i.embedder.EclipseLogger - Using platform encoding (Cp1252 actually) to copy filtered resources, i.e. build is platform dependent!
2015-06-20 18:06:35,532 [Worker-91] INFO  o.e.m.c.i.embedder.EclipseLogger - Copying 0 resource
2015-06-20 18:07:14,430 [Worker-76] WARN  o.e.m.c.i.embedder.EclipseLogger - Using platform encoding (Cp1252 actually) to copy filtered resources, i.e. build is platform dependent!
2015-06-20 18:07:14,431 [Worker-76] INFO  o.e.m.c.i.embedder.EclipseLogger - Copying 0 resource
2015-06-20 18:07:14,432 [Worker-76] WARN  o.e.m.c.i.embedder.EclipseLogger - Using platform encoding (Cp1252 actually) to copy filtered resources, i.e. build is platform dependent!
2015-06-20 18:07:14,433 [Worker-76] INFO  o.e.m.c.i.embedder.EclipseLogger - Copying 0 resource
2015-06-20 18:07:59,957 [Worker-76] WARN  o.e.m.c.i.embedder.EclipseLogger - Using platform encoding (Cp1252 actually) to copy filtered resources, i.e. build is platform dependent!
2015-06-20 18:07:59,958 [Worker-76] INFO  o.e.m.c.i.embedder.EclipseLogger - Copying 0 resource
2015-06-20 18:07:59,960 [Worker-76] WARN  o.e.m.c.i.embedder.EclipseLogger - Using platform encoding (Cp1252 actually) to copy filtered resources, i.e. build is platform dependent!
2015-06-20 18:07:59,960 [Worker-76] INFO  o.e.m.c.i.embedder.EclipseLogger - Copying 0 resource
2015-06-20 18:08:21,222 [Worker-93] WARN  o.e.m.c.i.embedder.EclipseLogger - Using platform encoding (Cp1252 actually) to copy filtered resources, i.e. build is platform dependent!
2015-06-20 18:08:21,223 [Worker-93] INFO  o.e.m.c.i.embedder.EclipseLogger - Copying 0 resource
2015-06-20 18:08:21,224 [Worker-93] WARN  o.e.m.c.i.embedder.EclipseLogger - Using platform encoding (Cp1252 actually) to copy filtered resources, i.e. build is platform dependent!
2015-06-20 18:08:21,225 [Worker-93] INFO  o.e.m.c.i.embedder.EclipseLogger - Copying 0 resource
2015-06-20 18:08:23,294 [Worker-92] WARN  o.e.m.c.i.embedder.EclipseLogger - Using platform encoding (Cp1252 actually) to copy filtered resources, i.e. build is platform dependent!
2015-06-20 18:08:23,295 [Worker-92] INFO  o.e.m.c.i.embedder.EclipseLogger - Copying 0 resource
2015-06-20 18:08:23,296 [Worker-92] WARN  o.e.m.c.i.embedder.EclipseLogger - Using platform encoding (Cp1252 actually) to copy filtered resources, i.e. build is platform dependent!
2015-06-20 18:08:23,297 [Worker-92] INFO  o.e.m.c.i.embedder.EclipseLogger - Copying 0 resource
2015-06-20 18:09:34,631 [Worker-91] WARN  o.e.m.c.i.embedder.EclipseLogger - Using platform encoding (Cp1252 actually) to copy filtered resources, i.e. build is platform dependent!
2015-06-20 18:09:34,632 [Worker-91] INFO  o.e.m.c.i.embedder.EclipseLogger - Copying 0 resource
2015-06-20 18:09:34,633 [Worker-91] WARN  o.e.m.c.i.embedder.EclipseLogger - Using platform encoding (Cp1252 actually) to copy filtered resources, i.e. build is platform dependent!
2015-06-20 18:09:34,634 [Worker-91] INFO  o.e.m.c.i.embedder.EclipseLogger - Copying 0 resource
2015-06-20 18:09:36,684 [Worker-90] WARN  o.e.m.c.i.embedder.EclipseLogger - Using platform encoding (Cp1252 actually) to copy filtered resources, i.e. build is platform dependent!
2015-06-20 18:09:36,685 [Worker-90] INFO  o.e.m.c.i.embedder.EclipseLogger - Copying 0 resource
2015-06-20 18:09:36,686 [Worker-90] WARN  o.e.m.c.i.embedder.EclipseLogger - Using platform encoding (Cp1252 actually) to copy filtered resources, i.e. build is platform dependent!
2015-06-20 18:09:36,687 [Worker-90] INFO  o.e.m.c.i.embedder.EclipseLogger - Copying 0 resource
2015-06-20 18:11:33,091 [Worker-64] WARN  o.e.m.c.i.embedder.EclipseLogger - Using platform encoding (Cp1252 actually) to copy filtered resources, i.e. build is platform dependent!
2015-06-20 18:11:33,092 [Worker-64] INFO  o.e.m.c.i.embedder.EclipseLogger - Copying 0 resource
2015-06-20 18:11:33,093 [Worker-64] WARN  o.e.m.c.i.embedder.EclipseLogger - Using platform encoding (Cp1252 actually) to copy filtered resources, i.e. build is platform dependent!
2015-06-20 18:11:33,094 [Worker-64] INFO  o.e.m.c.i.embedder.EclipseLogger - Copying 0 resource
2015-06-20 18:11:49,939 [Worker-64] WARN  o.e.m.c.i.embedder.EclipseLogger - Using platform encoding (Cp1252 actually) to copy filtered resources, i.e. build is platform dependent!
2015-06-20 18:11:49,941 [Worker-64] INFO  o.e.m.c.i.embedder.EclipseLogger - Copying 0 resource
2015-06-20 18:11:49,942 [Worker-64] WARN  o.e.m.c.i.embedder.EclipseLogger - Using platform encoding (Cp1252 actually) to copy filtered resources, i.e. build is platform dependent!
2015-06-20 18:11:49,943 [Worker-64] INFO  o.e.m.c.i.embedder.EclipseLogger - Copying 0 resource
2015-06-20 18:12:06,948 [Worker-82] WARN  o.e.m.c.i.embedder.EclipseLogger - Using platform encoding (Cp1252 actually) to copy filtered resources, i.e. build is platform dependent!
2015-06-20 18:12:06,949 [Worker-82] INFO  o.e.m.c.i.embedder.EclipseLogger - Copying 0 resource
2015-06-20 18:12:06,950 [Worker-82] WARN  o.e.m.c.i.embedder.EclipseLogger - Using platform encoding (Cp1252 actually) to copy filtered resources, i.e. build is platform dependent!
2015-06-20 18:12:06,951 [Worker-82] INFO  o.e.m.c.i.embedder.EclipseLogger - Copying 0 resource
2015-06-20 18:12:14,921 [Worker-64] WARN  o.e.m.c.i.embedder.EclipseLogger - Using platform encoding (Cp1252 actually) to copy filtered resources, i.e. build is platform dependent!
2015-06-20 18:12:14,923 [Worker-64] INFO  o.e.m.c.i.embedder.EclipseLogger - Copying 0 resource
2015-06-20 18:12:14,924 [Worker-64] WARN  o.e.m.c.i.embedder.EclipseLogger - Using platform encoding (Cp1252 actually) to copy filtered resources, i.e. build is platform dependent!
2015-06-20 18:12:14,925 [Worker-64] INFO  o.e.m.c.i.embedder.EclipseLogger - Copying 0 resource
2015-06-20 18:12:18,817 [Worker-80] WARN  o.e.m.c.i.embedder.EclipseLogger - Using platform encoding (Cp1252 actually) to copy filtered resources, i.e. build is platform dependent!
2015-06-20 18:12:18,818 [Worker-80] INFO  o.e.m.c.i.embedder.EclipseLogger - Copying 0 resource
2015-06-20 18:12:18,820 [Worker-80] WARN  o.e.m.c.i.embedder.EclipseLogger - Using platform encoding (Cp1252 actually) to copy filtered resources, i.e. build is platform dependent!
2015-06-20 18:12:18,821 [Worker-80] INFO  o.e.m.c.i.embedder.EclipseLogger - Copying 0 resource
